#
# There is insufficient memory for the Java Runtime Environment to continue.
# Native memory allocation (malloc) failed to allocate 32744 bytes for ChunkPool::allocate
# Possible reasons:
#   The system is out of physical RAM or swap space
#   In 32 bit mode, the process size limit was hit
# Possible solutions:
#   Reduce memory load on the system
#   Increase physical memory or swap space
#   Check if swap backing store is full
#   Use 64 bit Java on a 64 bit OS
#   Decrease Java heap size (-Xmx/-Xms)
#   Decrease number of Java threads
#   Decrease Java thread stack sizes (-Xss)
#   Set larger code cache with -XX:ReservedCodeCacheSize=
# This output file may be truncated or incomplete.
#
#  Out of Memory Error (allocation.cpp:273), pid=936, tid=0x00000000000023a4
#
# JRE version: Java(TM) SE Runtime Environment (8.0_92-b14) (build 1.8.0_92-b14)
# Java VM: Java HotSpot(TM) 64-Bit Server VM (25.92-b14 mixed mode windows-amd64 compressed oops)
# Failed to write core dump. Minidumps are not enabled by default on client versions of Windows
#

---------------  T H R E A D  ---------------

Current thread (0x0000000014ab0800):  JavaThread "C1 CompilerThread2" daemon [_thread_in_native, id=9124, stack(0x00000000162f0000,0x00000000163f0000)]

Stack: [0x00000000162f0000,0x00000000163f0000]
[error occurred during error reporting (printing stack bounds), id 0xc0000005]

Native frames: (J=compiled Java code, j=interpreted, Vv=VM code, C=native code)


Current CompileTask:
C1:    141   87       3       sun.nio.cs.UTF_8$Decoder::decode (779 bytes)


---------------  P R O C E S S  ---------------

Java Threads: ( => current thread )
  0x0000000016411800 JavaThread "Service Thread" daemon [_thread_blocked, id=9308, stack(0x00000000167f0000,0x00000000168f0000)]
=>0x0000000014ab0800 JavaThread "C1 CompilerThread2" daemon [_thread_in_native, id=9124, stack(0x00000000162f0000,0x00000000163f0000)]
  0x0000000014aaa800 JavaThread "C2 CompilerThread1" daemon [_thread_blocked, id=1596, stack(0x00000000161f0000,0x00000000162f0000)]
  0x0000000014ab8000 JavaThread "C2 CompilerThread0" daemon [_thread_blocked, id=3260, stack(0x00000000160f0000,0x00000000161f0000)]
  0x0000000014ab6800 JavaThread "Attach Listener" daemon [_thread_blocked, id=3628, stack(0x0000000015ff0000,0x00000000160f0000)]
  0x0000000014ab5000 JavaThread "Signal Dispatcher" daemon [_thread_blocked, id=8116, stack(0x0000000015ef0000,0x0000000015ff0000)]
  0x0000000014a9a800 JavaThread "Finalizer" daemon [_thread_blocked, id=7816, stack(0x0000000015d10000,0x0000000015e10000)]
  0x00000000023cf000 JavaThread "Reference Handler" daemon [_thread_blocked, id=10536, stack(0x0000000015c10000,0x0000000015d10000)]
  0x00000000022e0800 JavaThread "main" [_thread_in_Java, id=12012, stack(0x00000000021e0000,0x00000000022e0000)]

Other Threads:
  0x0000000014a78000 VMThread [stack: 0x0000000015b10000,0x0000000015c10000] [id=3220]
  0x0000000014b0e000 WatcherThread [stack: 0x00000000168f0000,0x00000000169f0000] [id=11956]

VM state:not at safepoint (normal execution)

VM Mutex/Monitor currently owned by a thread: None

Heap:
 PSYoungGen      total 38400K, used 4677K [0x00000000eab00000, 0x00000000ed580000, 0x0000000100000000)
  eden space 33280K, 14% used [0x00000000eab00000,0x00000000eaf91480,0x00000000ecb80000)
  from space 5120K, 0% used [0x00000000ed080000,0x00000000ed080000,0x00000000ed580000)
  to   space 5120K, 0% used [0x00000000ecb80000,0x00000000ecb80000,0x00000000ed080000)
 ParOldGen       total 87552K, used 0K [0x00000000c0000000, 0x00000000c5580000, 0x00000000eab00000)
  object space 87552K, 0% used [0x00000000c0000000,0x00000000c0000000,0x00000000c5580000)
 Metaspace       used 3501K, capacity 4720K, committed 4864K, reserved 1056768K
  class space    used 383K, capacity 424K, committed 512K, reserved 1048576K

Card table byte_map: [0x00000000117a0000,0x00000000119b0000] byte_map_base: 0x00000000111a0000

Marking Bits: (ParMarkBitMap*) 0x00000000744164f0
 Begin Bits: [0x0000000011f10000, 0x0000000012f10000)
 End Bits:   [0x0000000012f10000, 0x0000000013f10000)

Polling page: 0x0000000001ff0000

CodeCache: size=245760Kb used=1220Kb max_used=1229Kb free=244539Kb
 bounds [0x00000000023e0000, 0x0000000002650000, 0x00000000113e0000]
 total_blobs=340 nmethods=91 adapters=162
 compilation: enabled

Compilation events (10 events):
Event: 0.118 Thread 0x0000000014ab0800 nmethod 79 0x000000000250cf10 code [0x000000000250d060, 0x000000000250d230]
Event: 0.119 Thread 0x0000000014ab0800   81       3       java.util.zip.ZipFile::access$400 (5 bytes)
Event: 0.120 Thread 0x0000000014ab0800 nmethod 81 0x000000000250d690 code [0x000000000250d7e0, 0x000000000250d910]
Event: 0.121 Thread 0x0000000014ab0800   83       1       java.util.zip.ZipFile::access$300 (5 bytes)
Event: 0.121 Thread 0x0000000014ab0800 nmethod 83 0x000000000250dd90 code [0x000000000250dee0, 0x000000000250dfd0]
Event: 0.121 Thread 0x0000000014ab0800   84       3       java.util.zip.ZipFile::ensureOpen (37 bytes)
Event: 0.121 Thread 0x0000000014ab0800 nmethod 84 0x000000000250e050 code [0x000000000250e1e0, 0x000000000250e4b8]
Event: 0.121 Thread 0x0000000014ab0800   85       1       java.util.zip.ZipCoder::isUTF8 (5 bytes)
Event: 0.121 Thread 0x0000000014ab0800 nmethod 85 0x000000000250e5d0 code [0x000000000250e720, 0x000000000250e830]
Event: 0.121 Thread 0x0000000014ab0800   87       3       sun.nio.cs.UTF_8$Decoder::decode (779 bytes)

GC Heap History (0 events):
No events

Deoptimization events (0 events):
No events

Internal exceptions (2 events):
Event: 0.036 Thread 0x00000000022e0800 Exception <a 'java/lang/NoSuchMethodError': Method sun.misc.Unsafe.defineClass(Ljava/lang/String;[BII)Ljava/lang/Class; name or signature does not match> (0x00000000eab07cc0) thrown at [D:\re\workspace\8-2-build-windows-amd64-cygwin\jdk8u92\6642\hotspot\srôËüì€¢?
Event: 0.036 Thread 0x00000000022e0800 Exception <a 'java/lang/NoSuchMethodError': Method sun.misc.Unsafe.prefetchRead(Ljava/lang/Object;J)V name or signature does not match> (0x00000000eab07fa8) thrown at [D:\re\workspace\8-2-build-windows-amd64-cygwin\jdk8u92\6642\hotspot\src\share\vm\prims\j

Events (10 events):
Event: 0.118 loading class java/util/concurrent/Executors$DelegatedExecutorService done
Event: 0.118 loading class java/util/concurrent/Executors$FinalizableDelegatedExecutorService done
Event: 0.118 loading class com/android/dx/cf/direct/ClassPathOpener
Event: 0.118 loading class com/android/dx/cf/direct/ClassPathOpener done
Event: 0.118 loading class com/android/dx/cf/direct/ClassPathOpener$1
Event: 0.118 loading class com/android/dx/cf/direct/ClassPathOpener$1 done
Event: 0.118 loading class com/android/dx/command/dexer/Main$FileBytesConsumer
Event: 0.118 loading class com/android/dx/command/dexer/Main$FileBytesConsumer done
Event: 0.119 loading class java/util/zip/ZipFile$ZipEntryIterator
Event: 0.119 loading class java/util/zip/ZipFile$ZipEntryIterator done


Dynamic libraries:
0x00007ff79f510000 - 0x00007ff79f547000 	C:\Program Files\Java\jdk1.8.0_92\bin\java.exe
0x00007fff70e00000 - 0x00007fff70fc1000 	C:\Windows\SYSTEM32\ntdll.dll
0x00007fff6eeb0000 - 0x00007fff6ef5d000 	C:\Windows\system32\KERNEL32.DLL
0x00007fff6d5f0000 - 0x00007fff6d7d8000 	C:\Windows\system32\KERNELBASE.dll
0x00007fff6e8d0000 - 0x00007fff6e977000 	C:\Windows\system32\ADVAPI32.dll
0x00007fff6ef60000 - 0x00007fff6effd000 	C:\Windows\system32\msvcrt.dll
0x00007fff6ec20000 - 0x00007fff6ec7b000 	C:\Windows\system32\sechost.dll
0x00007fff6e420000 - 0x00007fff6e53c000 	C:\Windows\system32\RPCRT4.dll
0x00007fff6eac0000 - 0x00007fff6ec16000 	C:\Windows\system32\USER32.dll
0x00007fff705c0000 - 0x00007fff70746000 	C:\Windows\system32\GDI32.dll
0x00007fff60d00000 - 0x00007fff60f74000 	C:\Windows\WinSxS\amd64_microsoft.windows.common-controls_6595b64144ccf1df_6.0.10586.589_none_a2ddb3caa539acce\COMCTL32.dll
0x00007fff70b80000 - 0x00007fff70dfd000 	C:\Windows\system32\combase.dll
0x00007fff6d4b0000 - 0x00007fff6d51a000 	C:\Windows\system32\bcryptPrimitives.dll
0x00007fff6eca0000 - 0x00007fff6ecdb000 	C:\Windows\system32\IMM32.DLL
0x00000000744a0000 - 0x0000000074572000 	C:\Program Files\Java\jdk1.8.0_92\jre\bin\msvcr100.dll
0x0000000073c00000 - 0x0000000074496000 	C:\Program Files\Java\jdk1.8.0_92\jre\bin\server\jvm.dll
0x00007fff6ea30000 - 0x00007fff6ea38000 	C:\Windows\system32\PSAPI.DLL
0x00007fff56c00000 - 0x00007fff56c09000 	C:\Windows\SYSTEM32\WSOCK32.dll
0x00007fff61050000 - 0x00007fff6105a000 	C:\Windows\SYSTEM32\VERSION.dll
0x00007fff6ece0000 - 0x00007fff6ed4b000 	C:\Windows\system32\WS2_32.dll
0x00007fff6b110000 - 0x00007fff6b133000 	C:\Windows\SYSTEM32\WINMM.dll
0x00007fff6b0a0000 - 0x00007fff6b0cc000 	C:\Windows\SYSTEM32\WINMMBASE.dll
0x00007fff6d520000 - 0x00007fff6d563000 	C:\Windows\system32\cfgmgr32.dll
0x0000000075000000 - 0x000000007500f000 	C:\Program Files\Java\jdk1.8.0_92\jre\bin\verify.dll
0x0000000074fd0000 - 0x0000000074ff9000 	C:\Program Files\Java\jdk1.8.0_92\jre\bin\java.dll
0x0000000073be0000 - 0x0000000073bf6000 	C:\Program Files\Java\jdk1.8.0_92\jre\bin\zip.dll
0x00007fff6f000000 - 0x00007fff7055c000 	C:\Windows\system32\SHELL32.dll
0x00007fff6da70000 - 0x00007fff6e0b5000 	C:\Windows\system32\windows.storage.dll
0x00007fff6e200000 - 0x00007fff6e252000 	C:\Windows\system32\shlwapi.dll
0x00007fff6d490000 - 0x00007fff6d49f000 	C:\Windows\system32\kernel.appcore.dll
0x00007fff6d7e0000 - 0x00007fff6d895000 	C:\Windows\system32\shcore.dll
0x00007fff6d440000 - 0x00007fff6d48b000 	C:\Windows\system32\powrprof.dll
0x00007fff6d420000 - 0x00007fff6d434000 	C:\Windows\system32\profapi.dll

VM Arguments:
jvm_args: -Djava.awt.headless=true -Xmx1024M -Dfile.encoding=windows-1252 -Duser.country=US -Duser.language=en -Duser.variant 
java_command: com.android.dx.command.Main --dex --force-jumbo --num-threads=4 --multi-dex --output F:\.All Projects\EWL\EWLMerge\app\build\intermediates\transforms\dex\debug\folders\1000\10\jsoup-1.8.3_c22c187e77ba8b08b44e72c3d35f164adeb30290 C:\Users\Tarana\.gradle\caches\modules-2\files-2.1\org.jsoup\jsoup\1.8.3\65fd012581ded67bc20945d85c32b4598c3a9cf1\jsoup-1.8.3.jar
java_class_path (initial): C:\Users\Tarana\AppData\Local\Android\sdk\build-tools\24.0.1\lib\dx.jar
Launcher Type: SUN_STANDARD

Environment Variables:
PATH=C:\ProgramData\Oracle\Java\javapath;C:\Program Files (x86)\Intel\iCLS Client\;C:\Program Files\Intel\iCLS Client\;C:\Windows\system32;C:\Windows;C:\Windows\System32\Wbem;C:\Windows\System32\WindowsPowerShell\v1.0\;C:\Program Files (x86)\Intel\Intel(R) Management Engine Components\DAL;C:\Program Files\Intel\Intel(R) Management Engine Components\DAL;C:\Program Files (x86)\Intel\Intel(R) Management Engine Components\IPT;C:\Program Files\Intel\Intel(R) Management Engine Components\IPT;C:\Program Files (x86)\Skype\Phone\
USERNAME=Tarana
OS=Windows_NT
PROCESSOR_IDENTIFIER=Intel64 Family 6 Model 60 Stepping 3, GenuineIntel



---------------  S Y S T E M  ---------------

OS: Windows 10.0 , 64 bit Build 10586 (10.0.10586.589)

CPU:total 4 (4 cores per cpu, 1 threads per core) family 6 model 60 stepping 3, cmov, cx8, fxsr, mmx, sse, sse2, sse3, ssse3, sse4.1, sse4.2, popcnt, avx, avx2, aes, clmul, erms, lzcnt, tsc, tscinvbit, bmi1, bmi2

Memory: 4k page, physical 8262160k(1022560k free), swap 21445516k(209032k free)

vm_info: Java HotSpot(TM) 64-Bit Server VM (25.92-b14) for windows-amd64 JRE (1.8.0_92-b14), built on Mar 31 2016 21:03:04 by "java_re" with MS VC++ 10.0 (VS2010)

time: Sat Sep 24 16:02:04 2016
elapsed time: 0 seconds (0d 0h 0m 0s)

