#
# There is insufficient memory for the Java Runtime Environment to continue.
# Native memory allocation (malloc) failed to allocate 1048576 bytes for AllocateHeap
# Possible reasons:
#   The system is out of physical RAM or swap space
#   In 32 bit mode, the process size limit was hit
# Possible solutions:
#   Reduce memory load on the system
#   Increase physical memory or swap space
#   Check if swap backing store is full
#   Use 64 bit Java on a 64 bit OS
#   Decrease Java heap size (-Xmx/-Xms)
#   Decrease number of Java threads
#   Decrease Java thread stack sizes (-Xss)
#   Set larger code cache with -XX:ReservedCodeCacheSize=
# This output file may be truncated or incomplete.
#
#  Out of Memory Error (memory/allocation.inline.hpp:61), pid=9748, tid=0x0000000000000cc0
#
# JRE version:  (8.0_92-b14) (build )
# Java VM: Java HotSpot(TM) 64-Bit Server VM (25.92-b14 mixed mode windows-amd64 compressed oops)
# Failed to write core dump. Minidumps are not enabled by default on client versions of Windows
#

---------------  T H R E A D  ---------------

Current thread (0x00000000025d0800):  JavaThread "Unknown thread" [_thread_in_vm, id=3264, stack(0x00000000023f0000,0x00000000024f0000)]

Stack: [0x00000000023f0000,0x00000000024f0000]
[error occurred during error reporting (printing stack bounds), id 0xc0000005]

Native frames: (J=compiled Java code, j=interpreted, Vv=VM code, C=native code)


---------------  P R O C E S S  ---------------

Java Threads: ( => current thread )

Other Threads:

=>0x00000000025d0800 (exited) JavaThread "Unknown thread" [_thread_in_vm, id=3264, stack(0x00000000023f0000,0x00000000024f0000)]

VM state:not at safepoint (normal execution)

VM Mutex/Monitor currently owned by a thread: None

Heap:
 PSYoungGen      total 38400K, used 665K [0x00000000eab00000, 0x00000000ed580000, 0x0000000100000000)
  eden space 33280K, 2% used [0x00000000eab00000,0x00000000eaba6670,0x00000000ecb80000)
  from space 5120K, 0% used [0x00000000ed080000,0x00000000ed080000,0x00000000ed580000)
  to   space 5120K, 0% used [0x00000000ecb80000,0x00000000ecb80000,0x00000000ed080000)
 ParOldGen       total 87552K, used 0K [0x00000000c0000000, 0x00000000c5580000, 0x00000000eab00000)
  object space 87552K, 0% used [0x00000000c0000000,0x00000000c0000000,0x00000000c5580000)
 Metaspace       used 769K, capacity 4480K, committed 4480K, reserved 1056768K
  class space    used 75K, capacity 384K, committed 384K, reserved 1048576K

Card table byte_map: [0x0000000011a90000,0x0000000011ca0000] byte_map_base: 0x0000000011490000

Marking Bits: (ParMarkBitMap*) 0x00000000744164f0
 Begin Bits: [0x0000000012200000, 0x0000000013200000)
 End Bits:   [0x0000000013200000, 0x0000000014200000)

Polling page: 0x0000000000c00000

CodeCache: size=245760Kb used=328Kb max_used=328Kb free=245431Kb
 bounds [0x00000000026d0000, 0x0000000002940000, 0x00000000116d0000]
 total_blobs=58 nmethods=0 adapters=38
 compilation: enabled

Compilation events (0 events):
No events

GC Heap History (0 events):
No events

Deoptimization events (0 events):
No events

Internal exceptions (0 events):
No events

Events (10 events):
Event: 0.029 loading class java/lang/Short
Event: 0.029 loading class java/lang/Short done
Event: 0.029 loading class java/lang/Integer
Event: 0.029 loading class java/lang/Integer done
Event: 0.029 loading class java/lang/Long
Event: 0.029 loading class java/lang/Long done
Event: 0.029 loading class java/lang/NullPointerException
Event: 0.029 loading class java/lang/NullPointerException done
Event: 0.029 loading class java/lang/ArithmeticException
Event: 0.029 loading class java/lang/ArithmeticException done


Dynamic libraries:
0x00007ff79f510000 - 0x00007ff79f547000 	C:\Program Files\Java\jdk1.8.0_92\bin\java.exe
0x00007fff70e00000 - 0x00007fff70fc1000 	C:\Windows\SYSTEM32\ntdll.dll
0x00007fff6eeb0000 - 0x00007fff6ef5d000 	C:\Windows\system32\KERNEL32.DLL
0x00007fff6d5f0000 - 0x00007fff6d7d8000 	C:\Windows\system32\KERNELBASE.dll
0x00007fff6e8d0000 - 0x00007fff6e977000 	C:\Windows\system32\ADVAPI32.dll
0x00007fff6ef60000 - 0x00007fff6effd000 	C:\Windows\system32\msvcrt.dll
0x00007fff6ec20000 - 0x00007fff6ec7b000 	C:\Windows\system32\sechost.dll
0x00007fff6e420000 - 0x00007fff6e53c000 	C:\Windows\system32\RPCRT4.dll
0x00007fff6eac0000 - 0x00007fff6ec16000 	C:\Windows\system32\USER32.dll
0x00007fff705c0000 - 0x00007fff70746000 	C:\Windows\system32\GDI32.dll
0x00007fff60d00000 - 0x00007fff60f74000 	C:\Windows\WinSxS\amd64_microsoft.windows.common-controls_6595b64144ccf1df_6.0.10586.589_none_a2ddb3caa539acce\COMCTL32.dll
0x00007fff70b80000 - 0x00007fff70dfd000 	C:\Windows\system32\combase.dll
0x00007fff6d4b0000 - 0x00007fff6d51a000 	C:\Windows\system32\bcryptPrimitives.dll
0x00007fff6eca0000 - 0x00007fff6ecdb000 	C:\Windows\system32\IMM32.DLL
0x00000000744a0000 - 0x0000000074572000 	C:\Program Files\Java\jdk1.8.0_92\jre\bin\msvcr100.dll
0x0000000073c00000 - 0x0000000074496000 	C:\Program Files\Java\jdk1.8.0_92\jre\bin\server\jvm.dll
0x00007fff6ea30000 - 0x00007fff6ea38000 	C:\Windows\system32\PSAPI.DLL
0x00007fff56c00000 - 0x00007fff56c09000 	C:\Windows\SYSTEM32\WSOCK32.dll
0x00007fff6ece0000 - 0x00007fff6ed4b000 	C:\Windows\system32\WS2_32.dll
0x00007fff6b110000 - 0x00007fff6b133000 	C:\Windows\SYSTEM32\WINMM.dll
0x00007fff61050000 - 0x00007fff6105a000 	C:\Windows\SYSTEM32\VERSION.dll
0x00007fff6b0a0000 - 0x00007fff6b0cc000 	C:\Windows\SYSTEM32\WINMMBASE.dll
0x00007fff6d520000 - 0x00007fff6d563000 	C:\Windows\system32\cfgmgr32.dll
0x0000000075000000 - 0x000000007500f000 	C:\Program Files\Java\jdk1.8.0_92\jre\bin\verify.dll
0x0000000074fd0000 - 0x0000000074ff9000 	C:\Program Files\Java\jdk1.8.0_92\jre\bin\java.dll
0x0000000073be0000 - 0x0000000073bf6000 	C:\Program Files\Java\jdk1.8.0_92\jre\bin\zip.dll

VM Arguments:
jvm_args: -Djava.awt.headless=true -Xmx1024M -Dfile.encoding=windows-1252 -Duser.country=US -Duser.language=en -Duser.variant 
java_command: com.android.dx.command.Main --dex --force-jumbo --num-threads=4 --multi-dex --output F:\.All Projects\EWL\EWLMerge\app\build\intermediates\transforms\dex\debug\folders\1000\10\com.android.support-support-v4-24.1.1_c58329b736a63952891e3300612d2945e7f2d2ff F:\.All Projects\EWL\EWLMerge\app\build\intermediates\exploded-aar\com.android.support\support-v4\24.1.1\jars\classes.jar
java_class_path (initial): C:\Users\Tarana\AppData\Local\Android\sdk\build-tools\24.0.1\lib\dx.jar
Launcher Type: SUN_STANDARD

Environment Variables:
PATH=C:\ProgramData\Oracle\Java\javapath;C:\Program Files (x86)\Intel\iCLS Client\;C:\Program Files\Intel\iCLS Client\;C:\Windows\system32;C:\Windows;C:\Windows\System32\Wbem;C:\Windows\System32\WindowsPowerShell\v1.0\;C:\Program Files (x86)\Intel\Intel(R) Management Engine Components\DAL;C:\Program Files\Intel\Intel(R) Management Engine Components\DAL;C:\Program Files (x86)\Intel\Intel(R) Management Engine Components\IPT;C:\Program Files\Intel\Intel(R) Management Engine Components\IPT;C:\Program Files (x86)\Skype\Phone\
USERNAME=Tarana
OS=Windows_NT
PROCESSOR_IDENTIFIER=Intel64 Family 6 Model 60 Stepping 3, GenuineIntel



---------------  S Y S T E M  ---------------

OS: Windows 10.0 , 64 bit Build 10586 (10.0.10586.589)

CPU:total 4 (4 cores per cpu, 1 threads per core) family 6 model 60 stepping 3, cmov, cx8, fxsr, mmx, sse, sse2, sse3, ssse3, sse4.1, sse4.2, popcnt, avx, avx2, aes, clmul, erms, lzcnt, tsc, tscinvbit, bmi1, bmi2

Memory: 4k page, physical 8262160k(833756k free), swap 21445516k(4432k free)

vm_info: Java HotSpot(TM) 64-Bit Server VM (25.92-b14) for windows-amd64 JRE (1.8.0_92-b14), built on Mar 31 2016 21:03:04 by "java_re" with MS VC++ 10.0 (VS2010)

time: Sat Sep 24 15:49:19 2016
elapsed time: 0 seconds (0d 0h 0m 0s)

