#
# There is insufficient memory for the Java Runtime Environment to continue.
# Native memory allocation (malloc) failed to allocate 32744 bytes for ChunkPool::allocate
# Possible reasons:
#   The system is out of physical RAM or swap space
#   In 32 bit mode, the process size limit was hit
# Possible solutions:
#   Reduce memory load on the system
#   Increase physical memory or swap space
#   Check if swap backing store is full
#   Use 64 bit Java on a 64 bit OS
#   Decrease Java heap size (-Xmx/-Xms)
#   Decrease number of Java threads
#   Decrease Java thread stack sizes (-Xss)
#   Set larger code cache with -XX:ReservedCodeCacheSize=
# This output file may be truncated or incomplete.
#
#  Out of Memory Error (allocation.cpp:273), pid=3480, tid=0x00000000000022ac
#
# JRE version: Java(TM) SE Runtime Environment (8.0_92-b14) (build 1.8.0_92-b14)
# Java VM: Java HotSpot(TM) 64-Bit Server VM (25.92-b14 mixed mode windows-amd64 compressed oops)
# Failed to write core dump. Minidumps are not enabled by default on client versions of Windows
#

---------------  T H R E A D  ---------------

Current thread (0x000000001514a800):  JavaThread "C1 CompilerThread2" daemon [_thread_in_native, id=8876, stack(0x0000000016850000,0x0000000016950000)]

Stack: [0x0000000016850000,0x0000000016950000]
[error occurred during error reporting (printing stack bounds), id 0xc0000005]

Native frames: (J=compiled Java code, j=interpreted, Vv=VM code, C=native code)


Current CompileTask:
C1:    212   49  s!   3       sun.misc.URLClassPath::getLoader (197 bytes)


---------------  P R O C E S S  ---------------

Java Threads: ( => current thread )
  0x0000000016952000 JavaThread "Service Thread" daemon [_thread_blocked, id=11600, stack(0x0000000016d50000,0x0000000016e50000)]
=>0x000000001514a800 JavaThread "C1 CompilerThread2" daemon [_thread_in_native, id=8876, stack(0x0000000016850000,0x0000000016950000)]
  0x00000000150f2800 JavaThread "C2 CompilerThread1" daemon [_thread_blocked, id=3192, stack(0x0000000016750000,0x0000000016850000)]
  0x00000000150f7800 JavaThread "C2 CompilerThread0" daemon [_thread_blocked, id=8964, stack(0x0000000016650000,0x0000000016750000)]
  0x00000000150f6800 JavaThread "Attach Listener" daemon [_thread_blocked, id=10052, stack(0x0000000016550000,0x0000000016650000)]
  0x00000000150f5000 JavaThread "Signal Dispatcher" daemon [_thread_blocked, id=11260, stack(0x0000000016450000,0x0000000016550000)]
  0x00000000150da800 JavaThread "Finalizer" daemon [_thread_blocked, id=1968, stack(0x0000000016350000,0x0000000016450000)]
  0x0000000002a0f000 JavaThread "Reference Handler" daemon [_thread_blocked, id=8416, stack(0x0000000016250000,0x0000000016350000)]
  0x0000000002920800 JavaThread "main" [_thread_in_native, id=7868, stack(0x00000000025f0000,0x00000000026f0000)]

Other Threads:
  0x00000000150b8000 VMThread [stack: 0x0000000016150000,0x0000000016250000] [id=8372]
  0x0000000016969000 WatcherThread [stack: 0x0000000016e50000,0x0000000016f50000] [id=7668]

VM state:not at safepoint (normal execution)

VM Mutex/Monitor currently owned by a thread: None

Heap:
 PSYoungGen      total 38400K, used 1999K [0x00000000eab00000, 0x00000000ed580000, 0x0000000100000000)
  eden space 33280K, 6% used [0x00000000eab00000,0x00000000eacf3f58,0x00000000ecb80000)
  from space 5120K, 0% used [0x00000000ed080000,0x00000000ed080000,0x00000000ed580000)
  to   space 5120K, 0% used [0x00000000ecb80000,0x00000000ecb80000,0x00000000ed080000)
 ParOldGen       total 87552K, used 0K [0x00000000c0000000, 0x00000000c5580000, 0x00000000eab00000)
  object space 87552K, 0% used [0x00000000c0000000,0x00000000c0000000,0x00000000c5580000)
 Metaspace       used 3234K, capacity 4720K, committed 4864K, reserved 1056768K
  class space    used 363K, capacity 424K, committed 512K, reserved 1048576K

Card table byte_map: [0x0000000011de0000,0x0000000011ff0000] byte_map_base: 0x00000000117e0000

Marking Bits: (ParMarkBitMap*) 0x00000000744164f0
 Begin Bits: [0x0000000012550000, 0x0000000013550000)
 End Bits:   [0x0000000013550000, 0x0000000014550000)

Polling page: 0x0000000000e10000

CodeCache: size=245760Kb used=1136Kb max_used=1136Kb free=244623Kb
 bounds [0x0000000002a20000, 0x0000000002c90000, 0x0000000011a20000]
 total_blobs=288 nmethods=48 adapters=153
 compilation: enabled

Compilation events (10 events):
Event: 0.183 Thread 0x000000001514a800 nmethod 43 0x0000000002b38e90 code [0x0000000002b38fe0, 0x0000000002b39150]
Event: 0.184 Thread 0x000000001514a800   45       1       java.net.URL::getHost (5 bytes)
Event: 0.184 Thread 0x000000001514a800 nmethod 45 0x0000000002b39590 code [0x0000000002b396e0, 0x0000000002b397f0]
Event: 0.184 Thread 0x000000001514a800   46       1       java.net.URL::getProtocol (5 bytes)
Event: 0.184 Thread 0x000000001514a800 nmethod 46 0x0000000002b39850 code [0x0000000002b399a0, 0x0000000002b39ab0]
Event: 0.186 Thread 0x000000001514a800   47       3       java.util.HashMap::getNode (148 bytes)
Event: 0.187 Thread 0x000000001514a800 nmethod 47 0x0000000002b3a390 code [0x0000000002b3a560, 0x0000000002b3af08]
Event: 0.187 Thread 0x000000001514a800   48  s    3       sun.misc.URLClassPath::getNextLoader (88 bytes)
Event: 0.187 Thread 0x000000001514a800 nmethod 48 0x0000000002b3b1d0 code [0x0000000002b3b3a0, 0x0000000002b3bc08]
Event: 0.187 Thread 0x000000001514a800   49  s!   3       sun.misc.URLClassPath::getLoader (197 bytes)

GC Heap History (0 events):
No events

Deoptimization events (0 events):
No events

Internal exceptions (2 events):
Event: 0.056 Thread 0x0000000002920800 Exception <a 'java/lang/NoSuchMethodError': Method sun.misc.Unsafe.defineClass(Ljava/lang/String;[BII)Ljava/lang/Class; name or signature does not match> (0x00000000eab07cc0) thrown at [D:\re\workspace\8-2-build-windows-amd64-cygwin\jdk8u92\6642\hotspot\srh±*	º¬?
Event: 0.056 Thread 0x0000000002920800 Exception <a 'java/lang/NoSuchMethodError': Method sun.misc.Unsafe.prefetchRead(Ljava/lang/Object;J)V name or signature does not match> (0x00000000eab07fa8) thrown at [D:\re\workspace\8-2-build-windows-amd64-cygwin\jdk8u92\6642\hotspot\src\share\vm\prims\j

Events (10 events):
Event: 0.186 loading class com/android/dx/dex/file/DexFile
Event: 0.186 loading class com/android/dx/dex/file/DexFile done
Event: 0.187 loading class com/android/dx/dex/file/Section
Event: 0.187 loading class com/android/dx/dex/file/Section done
Event: 0.187 loading class com/android/dx/dex/file/MixedItemSection
Event: 0.187 loading class com/android/dx/dex/file/MixedItemSection done
Event: 0.188 loading class java/security/NoSuchAlgorithmException
Event: 0.188 loading class java/security/GeneralSecurityException
Event: 0.188 loading class java/security/GeneralSecurityException done
Event: 0.188 loading class java/security/NoSuchAlgorithmException done


Dynamic libraries:
0x00007ff79f510000 - 0x00007ff79f547000 	C:\Program Files\Java\jdk1.8.0_92\bin\java.exe
0x00007fff70e00000 - 0x00007fff70fc1000 	C:\Windows\SYSTEM32\ntdll.dll
0x00007fff6eeb0000 - 0x00007fff6ef5d000 	C:\Windows\system32\KERNEL32.DLL
0x00007fff6d5f0000 - 0x00007fff6d7d8000 	C:\Windows\system32\KERNELBASE.dll
0x00007fff6e8d0000 - 0x00007fff6e977000 	C:\Windows\system32\ADVAPI32.dll
0x00007fff6ef60000 - 0x00007fff6effd000 	C:\Windows\system32\msvcrt.dll
0x00007fff6ec20000 - 0x00007fff6ec7b000 	C:\Windows\system32\sechost.dll
0x00007fff6e420000 - 0x00007fff6e53c000 	C:\Windows\system32\RPCRT4.dll
0x00007fff6eac0000 - 0x00007fff6ec16000 	C:\Windows\system32\USER32.dll
0x00007fff705c0000 - 0x00007fff70746000 	C:\Windows\system32\GDI32.dll
0x00007fff60d00000 - 0x00007fff60f74000 	C:\Windows\WinSxS\amd64_microsoft.windows.common-controls_6595b64144ccf1df_6.0.10586.589_none_a2ddb3caa539acce\COMCTL32.dll
0x00007fff70b80000 - 0x00007fff70dfd000 	C:\Windows\system32\combase.dll
0x00007fff6d4b0000 - 0x00007fff6d51a000 	C:\Windows\system32\bcryptPrimitives.dll
0x00007fff6eca0000 - 0x00007fff6ecdb000 	C:\Windows\system32\IMM32.DLL
0x00000000744a0000 - 0x0000000074572000 	C:\Program Files\Java\jdk1.8.0_92\jre\bin\msvcr100.dll
0x0000000073c00000 - 0x0000000074496000 	C:\Program Files\Java\jdk1.8.0_92\jre\bin\server\jvm.dll
0x00007fff6ea30000 - 0x00007fff6ea38000 	C:\Windows\system32\PSAPI.DLL
0x00007fff56c00000 - 0x00007fff56c09000 	C:\Windows\SYSTEM32\WSOCK32.dll
0x00007fff6ece0000 - 0x00007fff6ed4b000 	C:\Windows\system32\WS2_32.dll
0x00007fff6b110000 - 0x00007fff6b133000 	C:\Windows\SYSTEM32\WINMM.dll
0x00007fff61050000 - 0x00007fff6105a000 	C:\Windows\SYSTEM32\VERSION.dll
0x00007fff6b0a0000 - 0x00007fff6b0cc000 	C:\Windows\SYSTEM32\WINMMBASE.dll
0x00007fff6d520000 - 0x00007fff6d563000 	C:\Windows\system32\cfgmgr32.dll
0x0000000075000000 - 0x000000007500f000 	C:\Program Files\Java\jdk1.8.0_92\jre\bin\verify.dll
0x0000000074fd0000 - 0x0000000074ff9000 	C:\Program Files\Java\jdk1.8.0_92\jre\bin\java.dll
0x0000000073be0000 - 0x0000000073bf6000 	C:\Program Files\Java\jdk1.8.0_92\jre\bin\zip.dll
0x00007fff6f000000 - 0x00007fff7055c000 	C:\Windows\system32\SHELL32.dll
0x00007fff6da70000 - 0x00007fff6e0b5000 	C:\Windows\system32\windows.storage.dll
0x00007fff6e200000 - 0x00007fff6e252000 	C:\Windows\system32\shlwapi.dll
0x00007fff6d490000 - 0x00007fff6d49f000 	C:\Windows\system32\kernel.appcore.dll
0x00007fff6d7e0000 - 0x00007fff6d895000 	C:\Windows\system32\shcore.dll
0x00007fff6d440000 - 0x00007fff6d48b000 	C:\Windows\system32\powrprof.dll
0x00007fff6d420000 - 0x00007fff6d434000 	C:\Windows\system32\profapi.dll

VM Arguments:
jvm_args: -Djava.awt.headless=true -Xmx1024M -Dfile.encoding=windows-1252 -Duser.country=US -Duser.language=en -Duser.variant 
java_command: com.android.dx.command.Main --dex --force-jumbo --num-threads=4 --multi-dex --output F:\.All Projects\EWL\EWLMerge\app\build\intermediates\transforms\dex\debug\folders\1000\10\com.android.support-appcompat-v7-24.1.1_b743be9eb98f1c92cd427bfe805b8bfb2f1252df F:\.All Projects\EWL\EWLMerge\app\build\intermediates\exploded-aar\com.android.support\appcompat-v7\24.1.1\jars\classes.jar
java_class_path (initial): C:\Users\Tarana\AppData\Local\Android\sdk\build-tools\24.0.1\lib\dx.jar
Launcher Type: SUN_STANDARD

Environment Variables:
PATH=C:\ProgramData\Oracle\Java\javapath;C:\Program Files (x86)\Intel\iCLS Client\;C:\Program Files\Intel\iCLS Client\;C:\Windows\system32;C:\Windows;C:\Windows\System32\Wbem;C:\Windows\System32\WindowsPowerShell\v1.0\;C:\Program Files (x86)\Intel\Intel(R) Management Engine Components\DAL;C:\Program Files\Intel\Intel(R) Management Engine Components\DAL;C:\Program Files (x86)\Intel\Intel(R) Management Engine Components\IPT;C:\Program Files\Intel\Intel(R) Management Engine Components\IPT;C:\Program Files (x86)\Skype\Phone\
USERNAME=Tarana
OS=Windows_NT
PROCESSOR_IDENTIFIER=Intel64 Family 6 Model 60 Stepping 3, GenuineIntel



---------------  S Y S T E M  ---------------

OS: Windows 10.0 , 64 bit Build 10586 (10.0.10586.589)

CPU:total 4 (4 cores per cpu, 1 threads per core) family 6 model 60 stepping 3, cmov, cx8, fxsr, mmx, sse, sse2, sse3, ssse3, sse4.1, sse4.2, popcnt, avx, avx2, aes, clmul, erms, lzcnt, tsc, tscinvbit, bmi1, bmi2

Memory: 4k page, physical 8262160k(951980k free), swap 21445516k(2896k free)

vm_info: Java HotSpot(TM) 64-Bit Server VM (25.92-b14) for windows-amd64 JRE (1.8.0_92-b14), built on Mar 31 2016 21:03:04 by "java_re" with MS VC++ 10.0 (VS2010)

time: Sat Sep 24 15:52:45 2016
elapsed time: 0 seconds (0d 0h 0m 0s)

