#
# There is insufficient memory for the Java Runtime Environment to continue.
# Native memory allocation (malloc) failed to allocate 832816 bytes for Chunk::new
# Possible reasons:
#   The system is out of physical RAM or swap space
#   In 32 bit mode, the process size limit was hit
# Possible solutions:
#   Reduce memory load on the system
#   Increase physical memory or swap space
#   Check if swap backing store is full
#   Use 64 bit Java on a 64 bit OS
#   Decrease Java heap size (-Xmx/-Xms)
#   Decrease number of Java threads
#   Decrease Java thread stack sizes (-Xss)
#   Set larger code cache with -XX:ReservedCodeCacheSize=
# This output file may be truncated or incomplete.
#
#  Out of Memory Error (allocation.cpp:390), pid=9716, tid=0x00000000000025cc
#
# JRE version: Java(TM) SE Runtime Environment (8.0_92-b14) (build 1.8.0_92-b14)
# Java VM: Java HotSpot(TM) 64-Bit Server VM (25.92-b14 mixed mode windows-amd64 compressed oops)
# Failed to write core dump. Minidumps are not enabled by default on client versions of Windows
#

---------------  T H R E A D  ---------------

Current thread (0x0000000015029800):  JavaThread "C2 CompilerThread1" daemon [_thread_in_native, id=9676, stack(0x0000000016700000,0x0000000016800000)]

Stack: [0x0000000016700000,0x0000000016800000]
[error occurred during error reporting (printing stack bounds), id 0xc0000005]

Native frames: (J=compiled Java code, j=interpreted, Vv=VM code, C=native code)


Current CompileTask:
C2:   2649 1487   !   4       com.android.dx.cf.code.BytecodeArray::parseInstruction (2764 bytes)


---------------  P R O C E S S  ---------------

Java Threads: ( => current thread )
  0x0000000016a7d800 JavaThread "pool-2-thread-4" [_thread_blocked, id=10640, stack(0x0000000017300000,0x0000000017400000)]
  0x0000000016a7d000 JavaThread "pool-2-thread-3" [_thread_in_Java, id=1220, stack(0x0000000017200000,0x0000000017300000)]
  0x0000000016a7c000 JavaThread "pool-2-thread-2" [_thread_blocked, id=5128, stack(0x0000000017100000,0x0000000017200000)]
  0x0000000016a7b800 JavaThread "pool-3-thread-1" [_thread_blocked, id=10716, stack(0x0000000017000000,0x0000000017100000)]
  0x0000000016a77000 JavaThread "pool-2-thread-1" [_thread_blocked, id=892, stack(0x0000000016f00000,0x0000000017000000)]
  0x0000000016806000 JavaThread "Service Thread" daemon [_thread_blocked, id=8272, stack(0x0000000016d00000,0x0000000016e00000)]
  0x0000000016801000 JavaThread "C1 CompilerThread2" daemon [_thread_blocked, id=8224, stack(0x0000000016c00000,0x0000000016d00000)]
=>0x0000000015029800 JavaThread "C2 CompilerThread1" daemon [_thread_in_native, id=9676, stack(0x0000000016700000,0x0000000016800000)]
  0x0000000014fd9000 JavaThread "C2 CompilerThread0" daemon [_thread_in_native, id=8204, stack(0x0000000016600000,0x0000000016700000)]
  0x0000000014fd7800 JavaThread "Attach Listener" daemon [_thread_blocked, id=3020, stack(0x0000000016500000,0x0000000016600000)]
  0x0000000014fd6000 JavaThread "Signal Dispatcher" daemon [_thread_blocked, id=9360, stack(0x0000000016400000,0x0000000016500000)]
  0x0000000014fba800 JavaThread "Finalizer" daemon [_thread_blocked, id=1704, stack(0x0000000016220000,0x0000000016320000)]
  0x00000000028ef000 JavaThread "Reference Handler" daemon [_thread_blocked, id=6292, stack(0x0000000016120000,0x0000000016220000)]
  0x0000000002800800 JavaThread "main" [_thread_in_vm, id=9000, stack(0x0000000002700000,0x0000000002800000)]

Other Threads:
  0x0000000014f98000 VMThread [stack: 0x0000000016020000,0x0000000016120000] [id=10720]
  0x0000000016812000 WatcherThread [stack: 0x0000000016e00000,0x0000000016f00000] [id=8008]

VM state:not at safepoint (normal execution)

VM Mutex/Monitor currently owned by a thread: None

Heap:
 PSYoungGen      total 71680K, used 31994K [0x00000000eab00000, 0x00000000ef600000, 0x0000000100000000)
  eden space 66560K, 40% used [0x00000000eab00000,0x00000000ec53fa90,0x00000000eec00000)
  from space 5120K, 99% used [0x00000000eec00000,0x00000000ef0fefe8,0x00000000ef100000)
  to   space 5120K, 0% used [0x00000000ef100000,0x00000000ef100000,0x00000000ef600000)
 ParOldGen       total 87552K, used 24493K [0x00000000c0000000, 0x00000000c5580000, 0x00000000eab00000)
  object space 87552K, 27% used [0x00000000c0000000,0x00000000c17eb528,0x00000000c5580000)
 Metaspace       used 6430K, capacity 7192K, committed 7424K, reserved 1056768K
  class space    used 625K, capacity 656K, committed 768K, reserved 1048576K

Card table byte_map: [0x0000000011cc0000,0x0000000011ed0000] byte_map_base: 0x00000000116c0000

Marking Bits: (ParMarkBitMap*) 0x00000000744164f0
 Begin Bits: [0x0000000012430000, 0x0000000013430000)
 End Bits:   [0x0000000013430000, 0x0000000014430000)

Polling page: 0x00000000024a0000

CodeCache: size=245760Kb used=6244Kb max_used=6244Kb free=239515Kb
 bounds [0x0000000002900000, 0x0000000002f20000, 0x0000000011900000]
 total_blobs=2017 nmethods=1747 adapters=182
 compilation: enabled

Compilation events (10 events):
Event: 2.454 Thread 0x0000000016801000 1691       2       java.util.concurrent.locks.AbstractQueuedSynchronizer$Node::predecessor (19 bytes)
Event: 2.454 Thread 0x0000000016801000 nmethod 1691 0x0000000002ee8650 code [0x0000000002ee87c0, 0x0000000002ee89c8]
Event: 2.456 Thread 0x0000000016801000 1693       2       com.android.dx.cf.code.LocalVariableList$Item::matchesAllButType (53 bytes)
Event: 2.456 Thread 0x0000000016801000 nmethod 1693 0x0000000002ee8a90 code [0x0000000002ee8c00, 0x0000000002ee8e28]
Event: 2.458 Thread 0x0000000016801000 1694       2       java.util.concurrent.locks.AbstractQueuedSynchronizer::hasQueuedPredecessors (40 bytes)
Event: 2.458 Thread 0x0000000016801000 nmethod 1694 0x0000000002ee8f90 code [0x0000000002ee90e0, 0x0000000002ee9290]
Event: 2.470 Thread 0x0000000016801000 1695       2       com.android.dx.dex.file.AnnotationSetItem::<init> (83 bytes)
Event: 2.471 Thread 0x0000000016801000 nmethod 1695 0x0000000002ee9350 code [0x0000000002ee9540, 0x0000000002ee9d28]
Event: 2.471 Thread 0x0000000016801000 1696   !   2       com.android.dx.dex.file.AnnotationSetItem::writeSize (20 bytes)
Event: 2.471 Thread 0x0000000016801000 nmethod 1696 0x0000000002eea410 code [0x0000000002eea580, 0x0000000002eea788]

GC Heap History (8 events):
Event: 2.036 GC heap before
{Heap before GC invocations=1 (full 0):
 PSYoungGen      total 38400K, used 33280K [0x00000000eab00000, 0x00000000ed580000, 0x0000000100000000)
  eden space 33280K, 100% used [0x00000000eab00000,0x00000000ecb80000,0x00000000ecb80000)
  from space 5120K, 0% used [0x00000000ed080000,0x00000000ed080000,0x00000000ed580000)
  to   space 5120K, 0% used [0x00000000ecb80000,0x00000000ecb80000,0x00000000ed080000)
 ParOldGen       total 87552K, used 0K [0x00000000c0000000, 0x00000000c5580000, 0x00000000eab00000)
  object space 87552K, 0% used [0x00000000c0000000,0x00000000c0000000,0x00000000c5580000)
 Metaspace       used 5947K, capacity 6834K, committed 7040K, reserved 1056768K
  class space    used 603K, capacity 618K, committed 640K, reserved 1048576K
Event: 2.044 GC heap after
Heap after GC invocations=1 (full 0):
 PSYoungGen      total 38400K, used 5112K [0x00000000eab00000, 0x00000000ed580000, 0x0000000100000000)
  eden space 33280K, 0% used [0x00000000eab00000,0x00000000eab00000,0x00000000ecb80000)
  from space 5120K, 99% used [0x00000000ecb80000,0x00000000ed07e2b0,0x00000000ed080000)
  to   space 5120K, 0% used [0x00000000ed080000,0x00000000ed080000,0x00000000ed580000)
 ParOldGen       total 87552K, used 930K [0x00000000c0000000, 0x00000000c5580000, 0x00000000eab00000)
  object space 87552K, 1% used [0x00000000c0000000,0x00000000c00e8b60,0x00000000c5580000)
 Metaspace       used 5947K, capacity 6834K, committed 7040K, reserved 1056768K
  class space    used 603K, capacity 618K, committed 640K, reserved 1048576K
}
Event: 2.247 GC heap before
{Heap before GC invocations=2 (full 0):
 PSYoungGen      total 38400K, used 38392K [0x00000000eab00000, 0x00000000ed580000, 0x0000000100000000)
  eden space 33280K, 100% used [0x00000000eab00000,0x00000000ecb80000,0x00000000ecb80000)
  from space 5120K, 99% used [0x00000000ecb80000,0x00000000ed07e2b0,0x00000000ed080000)
  to   space 5120K, 0% used [0x00000000ed080000,0x00000000ed080000,0x00000000ed580000)
 ParOldGen       total 87552K, used 930K [0x00000000c0000000, 0x00000000c5580000, 0x00000000eab00000)
  object space 87552K, 1% used [0x00000000c0000000,0x00000000c00e8b60,0x00000000c5580000)
 Metaspace       used 6154K, capacity 7026K, committed 7296K, reserved 1056768K
  class space    used 604K, capacity 618K, committed 640K, reserved 1048576K
Event: 2.260 GC heap after
Heap after GC invocations=2 (full 0):
 PSYoungGen      total 38400K, used 5111K [0x00000000eab00000, 0x00000000ef600000, 0x0000000100000000)
  eden space 33280K, 0% used [0x00000000eab00000,0x00000000eab00000,0x00000000ecb80000)
  from space 5120K, 99% used [0x00000000ed080000,0x00000000ed57de20,0x00000000ed580000)
  to   space 5120K, 0% used [0x00000000ecb80000,0x00000000ecb80000,0x00000000ed080000)
 ParOldGen       total 87552K, used 4600K [0x00000000c0000000, 0x00000000c5580000, 0x00000000eab00000)
  object space 87552K, 5% used [0x00000000c0000000,0x00000000c047e3c0,0x00000000c5580000)
 Metaspace       used 6154K, capacity 7026K, committed 7296K, reserved 1056768K
  class space    used 604K, capacity 618K, committed 640K, reserved 1048576K
}
Event: 2.369 GC heap before
{Heap before GC invocations=3 (full 0):
 PSYoungGen      total 38400K, used 38391K [0x00000000eab00000, 0x00000000ef600000, 0x0000000100000000)
  eden space 33280K, 100% used [0x00000000eab00000,0x00000000ecb80000,0x00000000ecb80000)
  from space 5120K, 99% used [0x00000000ed080000,0x00000000ed57de20,0x00000000ed580000)
  to   space 5120K, 0% used [0x00000000ecb80000,0x00000000ecb80000,0x00000000ed080000)
 ParOldGen       total 87552K, used 4600K [0x00000000c0000000, 0x00000000c5580000, 0x00000000eab00000)
  object space 87552K, 5% used [0x00000000c0000000,0x00000000c047e3c0,0x00000000c5580000)
 Metaspace       used 6261K, capacity 7154K, committed 7296K, reserved 1056768K
  class space    used 604K, capacity 618K, committed 640K, reserved 1048576K
Event: 2.385 GC heap after
Heap after GC invocations=3 (full 0):
 PSYoungGen      total 38400K, used 5114K [0x00000000eab00000, 0x00000000ef600000, 0x0000000100000000)
  eden space 33280K, 0% used [0x00000000eab00000,0x00000000eab00000,0x00000000ecb80000)
  from space 5120K, 99% used [0x00000000ecb80000,0x00000000ed07e8d8,0x00000000ed080000)
  to   space 5120K, 0% used [0x00000000ef100000,0x00000000ef100000,0x00000000ef600000)
 ParOldGen       total 87552K, used 9517K [0x00000000c0000000, 0x00000000c5580000, 0x00000000eab00000)
  object space 87552K, 10% used [0x00000000c0000000,0x00000000c094b4d8,0x00000000c5580000)
 Metaspace       used 6261K, capacity 7154K, committed 7296K, reserved 1056768K
  class space    used 604K, capacity 618K, committed 640K, reserved 1048576K
}
Event: 2.459 GC heap before
{Heap before GC invocations=4 (full 0):
 PSYoungGen      total 38400K, used 38394K [0x00000000eab00000, 0x00000000ef600000, 0x0000000100000000)
  eden space 33280K, 100% used [0x00000000eab00000,0x00000000ecb80000,0x00000000ecb80000)
  from space 5120K, 99% used [0x00000000ecb80000,0x00000000ed07e8d8,0x00000000ed080000)
  to   space 5120K, 0% used [0x00000000ef100000,0x00000000ef100000,0x00000000ef600000)
 ParOldGen       total 87552K, used 9517K [0x00000000c0000000, 0x00000000c5580000, 0x00000000eab00000)
  object space 87552K, 10% used [0x00000000c0000000,0x00000000c094b4d8,0x00000000c5580000)
 Metaspace       used 6293K, capacity 7154K, committed 7296K, reserved 1056768K
  class space    used 604K, capacity 618K, committed 640K, reserved 1048576K
Event: 2.470 GC heap after
Heap after GC invocations=4 (full 0):
 PSYoungGen      total 71680K, used 5092K [0x00000000eab00000, 0x00000000ef600000, 0x0000000100000000)
  eden space 66560K, 0% used [0x00000000eab00000,0x00000000eab00000,0x00000000eec00000)
  from space 5120K, 99% used [0x00000000ef100000,0x00000000ef5f9068,0x00000000ef600000)
  to   space 5120K, 0% used [0x00000000eec00000,0x00000000eec00000,0x00000000ef100000)
 ParOldGen       total 87552K, used 15049K [0x00000000c0000000, 0x00000000c5580000, 0x00000000eab00000)
  object space 87552K, 17% used [0x00000000c0000000,0x00000000c0eb2788,0x00000000c5580000)
 Metaspace       used 6293K, capacity 7154K, committed 7296K, reserved 1056768K
  class space    used 604K, capacity 618K, committed 640K, reserved 1048576K
}

Deoptimization events (10 events):
Event: 1.941 Thread 0x0000000016a7d000 Uncommon trap: reason=null_check action=make_not_entrant pc=0x0000000002bf4aa8 method=com.android.dx.rop.type.Type.equals(Ljava/lang/Object;)Z @ 8
Event: 2.078 Thread 0x0000000016a7c000 Uncommon trap: reason=unstable_if action=reinterpret pc=0x0000000002bccd44 method=com.android.dx.rop.code.RegisterSpec.equals(ILcom/android/dx/rop/type/TypeBearer;Lcom/android/dx/rop/code/LocalItem;)Z @ 42
Event: 2.137 Thread 0x0000000002800800 Uncommon trap: reason=unstable_if action=reinterpret pc=0x0000000002b4cc1c method=com.android.dx.rop.cst.Constant.compareTo(Lcom/android/dx/rop/cst/Constant;)I @ 12
Event: 2.206 Thread 0x0000000016a7d800 Uncommon trap: reason=null_check action=make_not_entrant pc=0x0000000002bdb9e4 method=com.android.dx.ssa.SsaRenamer.getLocalForNewReg(I)Lcom/android/dx/rop/code/LocalItem; @ 19
Event: 2.243 Thread 0x0000000002800800 Uncommon trap: reason=unstable_if action=reinterpret pc=0x0000000002b29e40 method=java.lang.String.<init>([CII)V @ 18
Event: 2.290 Thread 0x0000000016a7d000 Uncommon trap: reason=bimorphic action=maybe_recompile pc=0x0000000002e7d244 method=java.util.HashMap.putVal(ILjava/lang/Object;Ljava/lang/Object;ZZ)Ljava/lang/Object; @ 203
Event: 2.325 Thread 0x0000000002800800 Uncommon trap: reason=unstable_if action=reinterpret pc=0x0000000002ae44e0 method=java.lang.String.<init>([CII)V @ 18
Event: 2.365 Thread 0x0000000016a77000 Uncommon trap: reason=unstable_if action=reinterpret pc=0x0000000002e2d728 method=com.android.dx.ssa.SCCP.simulateStmt(Lcom/android/dx/ssa/SsaInsn;)V @ 53
Event: 2.407 Thread 0x0000000016a7d800 Uncommon trap: reason=unstable_if action=reinterpret pc=0x0000000002cd12bc method=com.android.dx.util.IntList.binarysearch(I)I @ 105
Event: 2.411 Thread 0x0000000002800800 Uncommon trap: reason=unstable_if action=reinterpret pc=0x0000000002d7fb9c method=com.android.dx.ssa.SsaMethod.updateOneDefinition(Lcom/android/dx/ssa/SsaInsn;Lcom/android/dx/rop/code/RegisterSpec;)V @ 4

Internal exceptions (4 events):
Event: 0.026 Thread 0x0000000002800800 Exception <a 'java/lang/NoSuchMethodError': Method sun.misc.Unsafe.defineClass(Ljava/lang/String;[BII)Ljava/lang/Class; name or signature does not match> (0x00000000eab07cc0) thrown at [D:\re\workspace\8-2-build-windows-amd64-cygwin\jdk8u92\6642\hotspot\sro’Ý•Þš?
Event: 0.026 Thread 0x0000000002800800 Exception <a 'java/lang/NoSuchMethodError': Method sun.misc.Unsafe.prefetchRead(Ljava/lang/Object;J)V name or signature does not match> (0x00000000eab07fa8) thrown at [D:\re\workspace\8-2-build-windows-amd64-cygwin\jdk8u92\6642\hotspot\src\share\vm\prims\jêE\®<ÿ?
Event: 1.941 Thread 0x0000000016a7d000 Implicit null exception at 0x0000000002bf49a2 to 0x0000000002bf4a9a
Event: 2.206 Thread 0x0000000016a7d800 Implicit null exception at 0x0000000002bd97fe to 0x0000000002bdb9a1

Events (10 events):
Event: 2.407 Thread 0x0000000016a7d800 Uncommon trap: trap_request=0xffffff65 fr.pc=0x0000000002cd12bc
Event: 2.407 Thread 0x0000000016a7d800 DEOPT PACKING pc=0x0000000002cd12bc sp=0x00000000173fe730
Event: 2.407 Thread 0x0000000016a7d800 DEOPT UNPACKING pc=0x000000000294582a sp=0x00000000173fe6a8 mode 2
Event: 2.411 loading class com/android/dx/rop/code/RegOps
Event: 2.411 loading class com/android/dx/rop/code/RegOps done
Event: 2.411 Thread 0x0000000002800800 Uncommon trap: trap_request=0xffffff65 fr.pc=0x0000000002d7fb9c
Event: 2.411 Thread 0x0000000002800800 DEOPT PACKING pc=0x0000000002d7fb9c sp=0x00000000027fe220
Event: 2.411 Thread 0x0000000002800800 DEOPT UNPACKING pc=0x000000000294582a sp=0x00000000027fe1c8 mode 2
Event: 2.459 Executing VM operation: ParallelGCFailedAllocation
Event: 2.470 Executing VM operation: ParallelGCFailedAllocation done


Dynamic libraries:
0x00007ff79f510000 - 0x00007ff79f547000 	C:\Program Files\Java\jdk1.8.0_92\bin\java.exe
0x00007fff70e00000 - 0x00007fff70fc1000 	C:\Windows\SYSTEM32\ntdll.dll
0x00007fff6eeb0000 - 0x00007fff6ef5d000 	C:\Windows\system32\KERNEL32.DLL
0x00007fff6d5f0000 - 0x00007fff6d7d8000 	C:\Windows\system32\KERNELBASE.dll
0x00007fff6e8d0000 - 0x00007fff6e977000 	C:\Windows\system32\ADVAPI32.dll
0x00007fff6ef60000 - 0x00007fff6effd000 	C:\Windows\system32\msvcrt.dll
0x00007fff6ec20000 - 0x00007fff6ec7b000 	C:\Windows\system32\sechost.dll
0x00007fff6e420000 - 0x00007fff6e53c000 	C:\Windows\system32\RPCRT4.dll
0x00007fff6eac0000 - 0x00007fff6ec16000 	C:\Windows\system32\USER32.dll
0x00007fff705c0000 - 0x00007fff70746000 	C:\Windows\system32\GDI32.dll
0x00007fff60d00000 - 0x00007fff60f74000 	C:\Windows\WinSxS\amd64_microsoft.windows.common-controls_6595b64144ccf1df_6.0.10586.589_none_a2ddb3caa539acce\COMCTL32.dll
0x00007fff70b80000 - 0x00007fff70dfd000 	C:\Windows\system32\combase.dll
0x00007fff6d4b0000 - 0x00007fff6d51a000 	C:\Windows\system32\bcryptPrimitives.dll
0x00007fff6eca0000 - 0x00007fff6ecdb000 	C:\Windows\system32\IMM32.DLL
0x00000000744a0000 - 0x0000000074572000 	C:\Program Files\Java\jdk1.8.0_92\jre\bin\msvcr100.dll
0x0000000073c00000 - 0x0000000074496000 	C:\Program Files\Java\jdk1.8.0_92\jre\bin\server\jvm.dll
0x00007fff6ea30000 - 0x00007fff6ea38000 	C:\Windows\system32\PSAPI.DLL
0x00007fff56c00000 - 0x00007fff56c09000 	C:\Windows\SYSTEM32\WSOCK32.dll
0x00007fff6b110000 - 0x00007fff6b133000 	C:\Windows\SYSTEM32\WINMM.dll
0x00007fff61050000 - 0x00007fff6105a000 	C:\Windows\SYSTEM32\VERSION.dll
0x00007fff6ece0000 - 0x00007fff6ed4b000 	C:\Windows\system32\WS2_32.dll
0x00007fff6b0a0000 - 0x00007fff6b0cc000 	C:\Windows\SYSTEM32\WINMMBASE.dll
0x00007fff6d520000 - 0x00007fff6d563000 	C:\Windows\system32\cfgmgr32.dll
0x0000000075000000 - 0x000000007500f000 	C:\Program Files\Java\jdk1.8.0_92\jre\bin\verify.dll
0x0000000074fd0000 - 0x0000000074ff9000 	C:\Program Files\Java\jdk1.8.0_92\jre\bin\java.dll
0x0000000073be0000 - 0x0000000073bf6000 	C:\Program Files\Java\jdk1.8.0_92\jre\bin\zip.dll
0x00007fff6f000000 - 0x00007fff7055c000 	C:\Windows\system32\SHELL32.dll
0x00007fff6da70000 - 0x00007fff6e0b5000 	C:\Windows\system32\windows.storage.dll
0x00007fff6e200000 - 0x00007fff6e252000 	C:\Windows\system32\shlwapi.dll
0x00007fff6d490000 - 0x00007fff6d49f000 	C:\Windows\system32\kernel.appcore.dll
0x00007fff6d7e0000 - 0x00007fff6d895000 	C:\Windows\system32\shcore.dll
0x00007fff6d440000 - 0x00007fff6d48b000 	C:\Windows\system32\powrprof.dll
0x00007fff6d420000 - 0x00007fff6d434000 	C:\Windows\system32\profapi.dll

VM Arguments:
jvm_args: -Djava.awt.headless=true -Xmx1024M -Dfile.encoding=windows-1252 -Duser.country=US -Duser.language=en -Duser.variant 
java_command: com.android.dx.command.Main --dex --force-jumbo --num-threads=4 --multi-dex --output F:\.All Projects\EWL\EWLMerge\app\build\intermediates\transforms\dex\debug\folders\1000\10\com.android.support-appcompat-v7-24.1.1_b743be9eb98f1c92cd427bfe805b8bfb2f1252df F:\.All Projects\EWL\EWLMerge\app\build\intermediates\exploded-aar\com.android.support\appcompat-v7\24.1.1\jars\classes.jar
java_class_path (initial): C:\Users\Tarana\AppData\Local\Android\sdk\build-tools\24.0.1\lib\dx.jar
Launcher Type: SUN_STANDARD

Environment Variables:
PATH=C:\ProgramData\Oracle\Java\javapath;C:\Program Files (x86)\Intel\iCLS Client\;C:\Program Files\Intel\iCLS Client\;C:\Windows\system32;C:\Windows;C:\Windows\System32\Wbem;C:\Windows\System32\WindowsPowerShell\v1.0\;C:\Program Files (x86)\Intel\Intel(R) Management Engine Components\DAL;C:\Program Files\Intel\Intel(R) Management Engine Components\DAL;C:\Program Files (x86)\Intel\Intel(R) Management Engine Components\IPT;C:\Program Files\Intel\Intel(R) Management Engine Components\IPT;C:\Program Files (x86)\Skype\Phone\
USERNAME=Tarana
OS=Windows_NT
PROCESSOR_IDENTIFIER=Intel64 Family 6 Model 60 Stepping 3, GenuineIntel



---------------  S Y S T E M  ---------------

OS: Windows 10.0 , 64 bit Build 10586 (10.0.10586.589)

CPU:total 4 (4 cores per cpu, 1 threads per core) family 6 model 60 stepping 3, cmov, cx8, fxsr, mmx, sse, sse2, sse3, ssse3, sse4.1, sse4.2, popcnt, avx, avx2, aes, clmul, erms, lzcnt, tsc, tscinvbit, bmi1, bmi2

Memory: 4k page, physical 8262160k(893652k free), swap 21445516k(6592k free)

vm_info: Java HotSpot(TM) 64-Bit Server VM (25.92-b14) for windows-amd64 JRE (1.8.0_92-b14), built on Mar 31 2016 21:03:04 by "java_re" with MS VC++ 10.0 (VS2010)

time: Sat Sep 24 15:48:08 2016
elapsed time: 2 seconds (0d 0h 0m 2s)

