#
# There is insufficient memory for the Java Runtime Environment to continue.
# Native memory allocation (malloc) failed to allocate 466656 bytes for Chunk::new
# Possible reasons:
#   The system is out of physical RAM or swap space
#   In 32 bit mode, the process size limit was hit
# Possible solutions:
#   Reduce memory load on the system
#   Increase physical memory or swap space
#   Check if swap backing store is full
#   Use 64 bit Java on a 64 bit OS
#   Decrease Java heap size (-Xmx/-Xms)
#   Decrease number of Java threads
#   Decrease Java thread stack sizes (-Xss)
#   Set larger code cache with -XX:ReservedCodeCacheSize=
# This output file may be truncated or incomplete.
#
#  Out of Memory Error (allocation.cpp:390), pid=10676, tid=0x0000000000002a14
#
# JRE version: Java(TM) SE Runtime Environment (8.0_92-b14) (build 1.8.0_92-b14)
# Java VM: Java HotSpot(TM) 64-Bit Server VM (25.92-b14 mixed mode windows-amd64 compressed oops)
# Failed to write core dump. Minidumps are not enabled by default on client versions of Windows
#

---------------  T H R E A D  ---------------

Current thread (0x0000000014fc8000):  JavaThread "C2 CompilerThread0" daemon [_thread_in_native, id=10772, stack(0x00000000165f0000,0x00000000166f0000)]

Stack: [0x00000000165f0000,0x00000000166f0000]
[error occurred during error reporting (printing stack bounds), id 0xc0000005]

Native frames: (J=compiled Java code, j=interpreted, Vv=VM code, C=native code)


Current CompileTask:
C2:    740 1170       4       com.android.dx.ssa.SCCP::simulateStmt (481 bytes)


---------------  P R O C E S S  ---------------

Java Threads: ( => current thread )
  0x0000000016ac3800 JavaThread "pool-1-thread-1" [_thread_in_Java, id=9264, stack(0x0000000018bc0000,0x0000000018cc0000)]
  0x000000001501b800 JavaThread "Service Thread" daemon [_thread_blocked, id=3060, stack(0x0000000016cf0000,0x0000000016df0000)]
  0x0000000014ff5000 JavaThread "C1 CompilerThread2" daemon [_thread_blocked, id=432, stack(0x00000000167f0000,0x00000000168f0000)]
  0x0000000014fba800 JavaThread "C2 CompilerThread1" daemon [_thread_blocked, id=684, stack(0x00000000166f0000,0x00000000167f0000)]
=>0x0000000014fc8000 JavaThread "C2 CompilerThread0" daemon [_thread_in_native, id=10772, stack(0x00000000165f0000,0x00000000166f0000)]
  0x0000000014fc6800 JavaThread "Attach Listener" daemon [_thread_blocked, id=9168, stack(0x00000000164f0000,0x00000000165f0000)]
  0x0000000014fc5000 JavaThread "Signal Dispatcher" daemon [_thread_blocked, id=9108, stack(0x00000000163f0000,0x00000000164f0000)]
  0x0000000014faa800 JavaThread "Finalizer" daemon [_thread_blocked, id=6232, stack(0x0000000016210000,0x0000000016310000)]
  0x00000000028df000 JavaThread "Reference Handler" daemon [_thread_blocked, id=6216, stack(0x0000000016110000,0x0000000016210000)]
  0x00000000027f0800 JavaThread "main" [_thread_blocked, id=10320, stack(0x00000000026c0000,0x00000000027c0000)]

Other Threads:
  0x0000000014f88000 VMThread [stack: 0x0000000016010000,0x0000000016110000] [id=8364]
  0x000000001501e000 WatcherThread [stack: 0x0000000016df0000,0x0000000016ef0000] [id=10372]

VM state:not at safepoint (normal execution)

VM Mutex/Monitor currently owned by a thread: None

Heap:
 PSYoungGen      total 38400K, used 34467K [0x00000000eab00000, 0x00000000ef600000, 0x0000000100000000)
  eden space 33280K, 88% used [0x00000000eab00000,0x00000000ec7a9a68,0x00000000ecb80000)
  from space 5120K, 99% used [0x00000000ecb80000,0x00000000ed07f2e8,0x00000000ed080000)
  to   space 5120K, 0% used [0x00000000ef100000,0x00000000ef100000,0x00000000ef600000)
 ParOldGen       total 87552K, used 1402K [0x00000000c0000000, 0x00000000c5580000, 0x00000000eab00000)
  object space 87552K, 1% used [0x00000000c0000000,0x00000000c015e980,0x00000000c5580000)
 Metaspace       used 6263K, capacity 7192K, committed 7424K, reserved 1056768K
  class space    used 621K, capacity 656K, committed 768K, reserved 1048576K

Card table byte_map: [0x0000000011cb0000,0x0000000011ec0000] byte_map_base: 0x00000000116b0000

Marking Bits: (ParMarkBitMap*) 0x00000000744164f0
 Begin Bits: [0x0000000012420000, 0x0000000013420000)
 End Bits:   [0x0000000013420000, 0x0000000014420000)

Polling page: 0x0000000000fc0000

CodeCache: size=245760Kb used=5356Kb max_used=5372Kb free=240403Kb
 bounds [0x00000000028f0000, 0x0000000002e40000, 0x00000000118f0000]
 total_blobs=1650 nmethods=1380 adapters=182
 compilation: disabled (not enough contiguous free space left)

Compilation events (10 events):
Event: 0.700 Thread 0x0000000014ff5000 1362       2       java.util.HashMap::getNode (148 bytes)
Event: 0.701 Thread 0x0000000014ff5000 nmethod 1362 0x0000000002e22cd0 code [0x0000000002e22e60, 0x0000000002e23228]
Event: 0.701 Thread 0x0000000014ff5000 1363  s    2       com.android.dx.dex.file.MixedItemSection::intern (39 bytes)
Event: 0.701 Thread 0x0000000014ff5000 nmethod 1363 0x0000000002e23490 code [0x0000000002e23640, 0x0000000002e23ad8]
Event: 0.701 Thread 0x0000000014ff5000 1364  s    2       com.android.dx.dex.file.TypeIdsSection::intern (62 bytes)
Event: 0.701 Thread 0x0000000014ff5000 nmethod 1364 0x0000000002e23cd0 code [0x0000000002e23e80, 0x0000000002e244a8]
Event: 0.702 Thread 0x0000000014ff5000 1365       2       com.android.dx.rop.cst.CstString::stringToUtf8Bytes (175 bytes)
Event: 0.702 Thread 0x0000000014ff5000 nmethod 1365 0x0000000002e24810 code [0x0000000002e249a0, 0x0000000002e24ed8]
Event: 0.703 Thread 0x0000000014ff5000 1366       1       com.android.dx.dex.file.IdItem::getDefiningClass (5 bytes)
Event: 0.703 Thread 0x0000000014ff5000 nmethod 1366 0x0000000002e1cdd0 code [0x0000000002e1cf20, 0x0000000002e1d030]

GC Heap History (2 events):
Event: 0.532 GC heap before
{Heap before GC invocations=1 (full 0):
 PSYoungGen      total 38400K, used 33280K [0x00000000eab00000, 0x00000000ed580000, 0x0000000100000000)
  eden space 33280K, 100% used [0x00000000eab00000,0x00000000ecb80000,0x00000000ecb80000)
  from space 5120K, 0% used [0x00000000ed080000,0x00000000ed080000,0x00000000ed580000)
  to   space 5120K, 0% used [0x00000000ecb80000,0x00000000ecb80000,0x00000000ed080000)
 ParOldGen       total 87552K, used 0K [0x00000000c0000000, 0x00000000c5580000, 0x00000000eab00000)
  object space 87552K, 0% used [0x00000000c0000000,0x00000000c0000000,0x00000000c5580000)
 Metaspace       used 5918K, capacity 6834K, committed 7040K, reserved 1056768K
  class space    used 598K, capacity 618K, committed 640K, reserved 1048576K
Event: 0.540 GC heap after
Heap after GC invocations=1 (full 0):
 PSYoungGen      total 38400K, used 5116K [0x00000000eab00000, 0x00000000ef600000, 0x0000000100000000)
  eden space 33280K, 0% used [0x00000000eab00000,0x00000000eab00000,0x00000000ecb80000)
  from space 5120K, 99% used [0x00000000ecb80000,0x00000000ed07f2e8,0x00000000ed080000)
  to   space 5120K, 0% used [0x00000000ef100000,0x00000000ef100000,0x00000000ef600000)
 ParOldGen       total 87552K, used 1402K [0x00000000c0000000, 0x00000000c5580000, 0x00000000eab00000)
  object space 87552K, 1% used [0x00000000c0000000,0x00000000c015e980,0x00000000c5580000)
 Metaspace       used 5918K, capacity 6834K, committed 7040K, reserved 1056768K
  class space    used 598K, capacity 618K, committed 640K, reserved 1048576K
}

Deoptimization events (10 events):
Event: 0.479 Thread 0x00000000027f0800 Uncommon trap: reason=unstable_if action=reinterpret pc=0x0000000002cabdcc method=com.android.dx.ssa.SsaRenamer$BlockRenamer.addMapping(ILcom/android/dx/rop/code/RegisterSpec;)V @ 120
Event: 0.488 Thread 0x0000000016a9b000 Uncommon trap: reason=bimorphic action=maybe_recompile pc=0x0000000002b02e24 method=java.util.HashMap.getNode(ILjava/lang/Object;)Ljava/util/HashMap$Node; @ 126
Event: 0.518 Thread 0x0000000016ac7800 Uncommon trap: reason=unstable_if action=reinterpret pc=0x0000000002cfa85c method=com.android.dx.rop.cst.Constant.compareTo(Lcom/android/dx/rop/cst/Constant;)I @ 12
Event: 0.522 Thread 0x0000000016ac7800 Uncommon trap: reason=unstable_if action=reinterpret pc=0x0000000002c83580 method=com.android.dx.rop.code.RegisterSpec.equals(ILcom/android/dx/rop/type/TypeBearer;Lcom/android/dx/rop/code/LocalItem;)Z @ 42
Event: 0.666 Thread 0x0000000016ac3800 Uncommon trap: reason=bimorphic action=maybe_recompile pc=0x0000000002b02e24 method=java.util.HashMap.getNode(ILjava/lang/Object;)Ljava/util/HashMap$Node; @ 126
Event: 0.670 Thread 0x0000000016ac3800 Uncommon trap: reason=unstable_if action=reinterpret pc=0x0000000002d21394 method=java.util.HashMap.putVal(ILjava/lang/Object;Ljava/lang/Object;ZZ)Ljava/lang/Object; @ 94
Event: 0.671 Thread 0x0000000016ac3800 Uncommon trap: reason=unstable_if action=reinterpret pc=0x0000000002d143bc method=java.util.HashMap.putVal(ILjava/lang/Object;Ljava/lang/Object;ZZ)Ljava/lang/Object; @ 94
Event: 0.695 Thread 0x0000000016ac3800 Uncommon trap: reason=bimorphic action=maybe_recompile pc=0x0000000002b02e24 method=java.util.HashMap.getNode(ILjava/lang/Object;)Ljava/util/HashMap$Node; @ 126
Event: 0.695 Thread 0x0000000016ac3800 Uncommon trap: reason=bimorphic action=maybe_recompile pc=0x0000000002b02e24 method=java.util.HashMap.getNode(ILjava/lang/Object;)Ljava/util/HashMap$Node; @ 126
Event: 0.700 Thread 0x0000000016ac3800 Uncommon trap: reason=bimorphic action=maybe_recompile pc=0x0000000002af1860 method=java.util.HashMap.getNode(ILjava/lang/Object;)Ljava/util/HashMap$Node; @ 126

Internal exceptions (3 events):
Event: 0.083 Thread 0x00000000027f0800 Exception <a 'java/lang/NoSuchMethodError': Method sun.misc.Unsafe.defineClass(Ljava/lang/String;[BII)Ljava/lang/Class; name or signature does not match> (0x00000000eab07cc0) thrown at [D:\re\workspace\8-2-build-windows-amd64-cygwin\jdk8u92\6642\hotspot\sr@<Ó\Rµ?
Event: 0.083 Thread 0x00000000027f0800 Exception <a 'java/lang/NoSuchMethodError': Method sun.misc.Unsafe.prefetchRead(Ljava/lang/Object;J)V name or signature does not match> (0x00000000eab07fa8) thrown at [D:\re\workspace\8-2-build-windows-amd64-cygwin\jdk8u92\6642\hotspot\src\share\vm\prims\jä²ÖBu›Þ?
Event: 0.478 Thread 0x00000000027f0800 Implicit null exception at 0x0000000002c67c28 to 0x0000000002c69cf5

Events (10 events):
Event: 0.695 Thread 0x0000000016ac3800 Uncommon trap: trap_request=0xffffffc6 fr.pc=0x0000000002b02e24
Event: 0.695 Thread 0x0000000016ac3800 DEOPT PACKING pc=0x0000000002b02e24 sp=0x0000000018cbe910
Event: 0.695 Thread 0x0000000016ac3800 DEOPT UNPACKING pc=0x000000000293582a sp=0x0000000018cbe828 mode 2
Event: 0.696 loading class com/android/dx/dex/file/ProtoIdItem
Event: 0.696 loading class com/android/dx/dex/file/ProtoIdItem done
Event: 0.700 Thread 0x0000000016ac3800 Uncommon trap: trap_request=0xffffffc6 fr.pc=0x0000000002af1860
Event: 0.700 Thread 0x0000000016ac3800 DEOPT PACKING pc=0x0000000002af1860 sp=0x0000000018cbe8b0
Event: 0.700 Thread 0x0000000016ac3800 DEOPT UNPACKING pc=0x000000000293582a sp=0x0000000018cbe838 mode 2
Event: 0.703 loading class com/android/dex/Leb128
Event: 0.703 loading class com/android/dex/Leb128 done


Dynamic libraries:
0x00007ff79f510000 - 0x00007ff79f547000 	C:\Program Files\Java\jdk1.8.0_92\bin\java.exe
0x00007fff70e00000 - 0x00007fff70fc1000 	C:\Windows\SYSTEM32\ntdll.dll
0x00007fff6eeb0000 - 0x00007fff6ef5d000 	C:\Windows\system32\KERNEL32.DLL
0x00007fff6d5f0000 - 0x00007fff6d7d8000 	C:\Windows\system32\KERNELBASE.dll
0x00007fff6e8d0000 - 0x00007fff6e977000 	C:\Windows\system32\ADVAPI32.dll
0x00007fff6ef60000 - 0x00007fff6effd000 	C:\Windows\system32\msvcrt.dll
0x00007fff6ec20000 - 0x00007fff6ec7b000 	C:\Windows\system32\sechost.dll
0x00007fff6e420000 - 0x00007fff6e53c000 	C:\Windows\system32\RPCRT4.dll
0x00007fff6eac0000 - 0x00007fff6ec16000 	C:\Windows\system32\USER32.dll
0x00007fff705c0000 - 0x00007fff70746000 	C:\Windows\system32\GDI32.dll
0x00007fff60d00000 - 0x00007fff60f74000 	C:\Windows\WinSxS\amd64_microsoft.windows.common-controls_6595b64144ccf1df_6.0.10586.589_none_a2ddb3caa539acce\COMCTL32.dll
0x00007fff70b80000 - 0x00007fff70dfd000 	C:\Windows\system32\combase.dll
0x00007fff6d4b0000 - 0x00007fff6d51a000 	C:\Windows\system32\bcryptPrimitives.dll
0x00007fff6eca0000 - 0x00007fff6ecdb000 	C:\Windows\system32\IMM32.DLL
0x00000000744a0000 - 0x0000000074572000 	C:\Program Files\Java\jdk1.8.0_92\jre\bin\msvcr100.dll
0x0000000073c00000 - 0x0000000074496000 	C:\Program Files\Java\jdk1.8.0_92\jre\bin\server\jvm.dll
0x00007fff6ea30000 - 0x00007fff6ea38000 	C:\Windows\system32\PSAPI.DLL
0x00007fff56c00000 - 0x00007fff56c09000 	C:\Windows\SYSTEM32\WSOCK32.dll
0x00007fff6ece0000 - 0x00007fff6ed4b000 	C:\Windows\system32\WS2_32.dll
0x00007fff6b110000 - 0x00007fff6b133000 	C:\Windows\SYSTEM32\WINMM.dll
0x00007fff61050000 - 0x00007fff6105a000 	C:\Windows\SYSTEM32\VERSION.dll
0x00007fff6b0a0000 - 0x00007fff6b0cc000 	C:\Windows\SYSTEM32\WINMMBASE.dll
0x00007fff6d520000 - 0x00007fff6d563000 	C:\Windows\system32\cfgmgr32.dll
0x0000000075000000 - 0x000000007500f000 	C:\Program Files\Java\jdk1.8.0_92\jre\bin\verify.dll
0x0000000074fd0000 - 0x0000000074ff9000 	C:\Program Files\Java\jdk1.8.0_92\jre\bin\java.dll
0x0000000073be0000 - 0x0000000073bf6000 	C:\Program Files\Java\jdk1.8.0_92\jre\bin\zip.dll
0x00007fff6f000000 - 0x00007fff7055c000 	C:\Windows\system32\SHELL32.dll
0x00007fff6da70000 - 0x00007fff6e0b5000 	C:\Windows\system32\windows.storage.dll
0x00007fff6e200000 - 0x00007fff6e252000 	C:\Windows\system32\shlwapi.dll
0x00007fff6d490000 - 0x00007fff6d49f000 	C:\Windows\system32\kernel.appcore.dll
0x00007fff6d7e0000 - 0x00007fff6d895000 	C:\Windows\system32\shcore.dll
0x00007fff6d440000 - 0x00007fff6d48b000 	C:\Windows\system32\powrprof.dll
0x00007fff6d420000 - 0x00007fff6d434000 	C:\Windows\system32\profapi.dll

VM Arguments:
jvm_args: -Djava.awt.headless=true -Xmx1024M -Dfile.encoding=windows-1252 -Duser.country=US -Duser.language=en -Duser.variant 
java_command: com.android.dx.command.Main --dex --force-jumbo --num-threads=4 --multi-dex --output F:\.All Projects\EWL\EWLMerge\app\build\intermediates\transforms\dex\debug\folders\1000\10\instant-run_67ba916eb0b7c727fde8439c030ddd6fa2372102 F:\.All Projects\EWL\EWLMerge\app\build\intermediates\incremental-runtime-classes\debug\instant-run.jar
java_class_path (initial): C:\Users\Tarana\AppData\Local\Android\sdk\build-tools\24.0.1\lib\dx.jar
Launcher Type: SUN_STANDARD

Environment Variables:
PATH=C:\ProgramData\Oracle\Java\javapath;C:\Program Files (x86)\Intel\iCLS Client\;C:\Program Files\Intel\iCLS Client\;C:\Windows\system32;C:\Windows;C:\Windows\System32\Wbem;C:\Windows\System32\WindowsPowerShell\v1.0\;C:\Program Files (x86)\Intel\Intel(R) Management Engine Components\DAL;C:\Program Files\Intel\Intel(R) Management Engine Components\DAL;C:\Program Files (x86)\Intel\Intel(R) Management Engine Components\IPT;C:\Program Files\Intel\Intel(R) Management Engine Components\IPT;C:\Program Files (x86)\Skype\Phone\
USERNAME=Tarana
OS=Windows_NT
PROCESSOR_IDENTIFIER=Intel64 Family 6 Model 60 Stepping 3, GenuineIntel



---------------  S Y S T E M  ---------------

OS: Windows 10.0 , 64 bit Build 10586 (10.0.10586.589)

CPU:total 4 (4 cores per cpu, 1 threads per core) family 6 model 60 stepping 3, cmov, cx8, fxsr, mmx, sse, sse2, sse3, ssse3, sse4.1, sse4.2, popcnt, avx, avx2, aes, clmul, erms, lzcnt, tsc, tscinvbit, bmi1, bmi2

Memory: 4k page, physical 8262160k(1056588k free), swap 21445516k(195092k free)

vm_info: Java HotSpot(TM) 64-Bit Server VM (25.92-b14) for windows-amd64 JRE (1.8.0_92-b14), built on Mar 31 2016 21:03:04 by "java_re" with MS VC++ 10.0 (VS2010)

time: Sat Sep 24 16:02:08 2016
elapsed time: 0 seconds (0d 0h 0m 0s)

