#
# There is insufficient memory for the Java Runtime Environment to continue.
# Native memory allocation (malloc) failed to allocate 32744 bytes for ChunkPool::allocate
# Possible reasons:
#   The system is out of physical RAM or swap space
#   In 32 bit mode, the process size limit was hit
# Possible solutions:
#   Reduce memory load on the system
#   Increase physical memory or swap space
#   Check if swap backing store is full
#   Use 64 bit Java on a 64 bit OS
#   Decrease Java heap size (-Xmx/-Xms)
#   Decrease number of Java threads
#   Decrease Java thread stack sizes (-Xss)
#   Set larger code cache with -XX:ReservedCodeCacheSize=
# This output file may be truncated or incomplete.
#
#  Out of Memory Error (allocation.cpp:273), pid=4452, tid=0x0000000000000e34
#
# JRE version: Java(TM) SE Runtime Environment (8.0_92-b14) (build 1.8.0_92-b14)
# Java VM: Java HotSpot(TM) 64-Bit Server VM (25.92-b14 mixed mode windows-amd64 compressed oops)
# Failed to write core dump. Minidumps are not enabled by default on client versions of Windows
#

---------------  T H R E A D  ---------------

Current thread (0x0000000016ad1000):  JavaThread "C1 CompilerThread2" daemon [_thread_in_native, id=3636, stack(0x0000000016ed0000,0x0000000016fd0000)]

Stack: [0x0000000016ed0000,0x0000000016fd0000]
[error occurred during error reporting (printing stack bounds), id 0xc0000005]

Native frames: (J=compiled Java code, j=interpreted, Vv=VM code, C=native code)


Current CompileTask:
C1:    426  110   !   3       java.lang.ClassLoader::loadClass (122 bytes)


---------------  P R O C E S S  ---------------

Java Threads: ( => current thread )
  0x0000000016ad6000 JavaThread "Service Thread" daemon [_thread_blocked, id=9684, stack(0x0000000016fd0000,0x00000000170d0000)]
=>0x0000000016ad1000 JavaThread "C1 CompilerThread2" daemon [_thread_in_native, id=3636, stack(0x0000000016ed0000,0x0000000016fd0000)]
  0x00000000152f9800 JavaThread "C2 CompilerThread1" daemon [_thread_in_native, id=8160, stack(0x00000000169d0000,0x0000000016ad0000)]
  0x00000000152a9800 JavaThread "C2 CompilerThread0" daemon [_thread_blocked, id=7548, stack(0x00000000168d0000,0x00000000169d0000)]
  0x00000000152a8000 JavaThread "Attach Listener" daemon [_thread_blocked, id=2324, stack(0x00000000167d0000,0x00000000168d0000)]
  0x00000000152a5000 JavaThread "Signal Dispatcher" daemon [_thread_blocked, id=12276, stack(0x00000000166d0000,0x00000000167d0000)]
  0x000000001528a800 JavaThread "Finalizer" daemon [_thread_blocked, id=10728, stack(0x00000000164f0000,0x00000000165f0000)]
  0x0000000002bbf000 JavaThread "Reference Handler" daemon [_thread_blocked, id=5708, stack(0x00000000163f0000,0x00000000164f0000)]
  0x0000000002ad0800 JavaThread "main" [_thread_in_native, id=3912, stack(0x00000000029d0000,0x0000000002ad0000)]

Other Threads:
  0x0000000015268000 VMThread [stack: 0x00000000162f0000,0x00000000163f0000] [id=9932]
  0x0000000016ad9800 WatcherThread [stack: 0x00000000170d0000,0x00000000171d0000] [id=10044]

VM state:not at safepoint (normal execution)

VM Mutex/Monitor currently owned by a thread: None

Heap:
 PSYoungGen      total 38400K, used 2662K [0x00000000eab00000, 0x00000000ed580000, 0x0000000100000000)
  eden space 33280K, 8% used [0x00000000eab00000,0x00000000ead99a10,0x00000000ecb80000)
  from space 5120K, 0% used [0x00000000ed080000,0x00000000ed080000,0x00000000ed580000)
  to   space 5120K, 0% used [0x00000000ecb80000,0x00000000ecb80000,0x00000000ed080000)
 ParOldGen       total 87552K, used 0K [0x00000000c0000000, 0x00000000c5580000, 0x00000000eab00000)
  object space 87552K, 0% used [0x00000000c0000000,0x00000000c0000000,0x00000000c5580000)
 Metaspace       used 3562K, capacity 4880K, committed 5120K, reserved 1056768K
  class space    used 402K, capacity 456K, committed 512K, reserved 1048576K

Card table byte_map: [0x0000000011f90000,0x00000000121a0000] byte_map_base: 0x0000000011990000

Marking Bits: (ParMarkBitMap*) 0x00000000744164f0
 Begin Bits: [0x0000000012700000, 0x0000000013700000)
 End Bits:   [0x0000000013700000, 0x0000000014700000)

Polling page: 0x0000000000f80000

CodeCache: size=245760Kb used=1277Kb max_used=1289Kb free=244482Kb
 bounds [0x0000000002bd0000, 0x0000000002e40000, 0x0000000011bd0000]
 total_blobs=362 nmethods=110 adapters=165
 compilation: enabled

Compilation events (10 events):
Event: 0.407 Thread 0x0000000016ad1000  104       3       java.nio.DirectLongBufferU::get (16 bytes)
Event: 0.407 Thread 0x0000000016ad1000 nmethod 104 0x0000000002d0e410 code [0x0000000002d0e580, 0x0000000002d0e7f0]
Event: 0.407 Thread 0x0000000016ad1000  106       3       java.nio.DirectLongBufferU::put (18 bytes)
Event: 0.407 Thread 0x0000000016ad1000 nmethod 106 0x0000000002d0e910 code [0x0000000002d0ea80, 0x0000000002d0ecf0]
Event: 0.407 Thread 0x0000000016ad1000  108       1       sun.misc.URLClassPath$JarLoader::access$600 (5 bytes)
Event: 0.407 Thread 0x0000000016ad1000 nmethod 108 0x0000000002d0ee10 code [0x0000000002d0ef60, 0x0000000002d0f050]
Event: 0.408 Thread 0x0000000016ad1000  109       1       java.security.CodeSource::getLocation (5 bytes)
Event: 0.408 Thread 0x0000000016ad1000 nmethod 109 0x0000000002d0f0d0 code [0x0000000002d0f220, 0x0000000002d0f330]
Event: 0.408 Thread 0x0000000016ad1000  110   !   3       java.lang.ClassLoader::loadClass (122 bytes)
Event: 0.408 Thread 0x00000000152a9800  112       4       java.lang.String::indexOf (70 bytes)

GC Heap History (0 events):
No events

Deoptimization events (0 events):
No events

Internal exceptions (2 events):
Event: 0.026 Thread 0x0000000002ad0800 Exception <a 'java/lang/NoSuchMethodError': Method sun.misc.Unsafe.defineClass(Ljava/lang/String;[BII)Ljava/lang/Class; name or signature does not match> (0x00000000eab07cc0) thrown at [D:\re\workspace\8-2-build-windows-amd64-cygwin\jdk8u92\6642\hotspot\sr‰KEY8ö?
Event: 0.026 Thread 0x0000000002ad0800 Exception <a 'java/lang/NoSuchMethodError': Method sun.misc.Unsafe.prefetchRead(Ljava/lang/Object;J)V name or signature does not match> (0x00000000eab07fa8) thrown at [D:\re\workspace\8-2-build-windows-amd64-cygwin\jdk8u92\6642\hotspot\src\share\vm\prims\j

Events (10 events):
Event: 0.408 loading class com/android/dx/rop/cst/CstLong
Event: 0.408 loading class com/android/dx/rop/cst/CstLong done
Event: 0.408 loading class com/android/dx/rop/cst/CstLiteral64
Event: 0.408 loading class com/android/dx/rop/cst/CstLiteral64 done
Event: 0.408 loading class com/android/dx/rop/cst/CstDouble
Event: 0.408 loading class com/android/dx/rop/cst/CstDouble done
Event: 0.409 loading class com/android/dx/rop/cst/CstFieldRef
Event: 0.409 loading class com/android/dx/rop/cst/CstFieldRef done
Event: 0.409 loading class com/android/dx/rop/cst/CstMemberRef
Event: 0.409 loading class com/android/dx/rop/cst/CstMemberRef done


Dynamic libraries:
0x00007ff79f510000 - 0x00007ff79f547000 	C:\Program Files\Java\jdk1.8.0_92\bin\java.exe
0x00007fff70e00000 - 0x00007fff70fc1000 	C:\Windows\SYSTEM32\ntdll.dll
0x00007fff6eeb0000 - 0x00007fff6ef5d000 	C:\Windows\system32\KERNEL32.DLL
0x00007fff6d5f0000 - 0x00007fff6d7d8000 	C:\Windows\system32\KERNELBASE.dll
0x00007fff6e8d0000 - 0x00007fff6e977000 	C:\Windows\system32\ADVAPI32.dll
0x00007fff6ef60000 - 0x00007fff6effd000 	C:\Windows\system32\msvcrt.dll
0x00007fff6ec20000 - 0x00007fff6ec7b000 	C:\Windows\system32\sechost.dll
0x00007fff6e420000 - 0x00007fff6e53c000 	C:\Windows\system32\RPCRT4.dll
0x00007fff6eac0000 - 0x00007fff6ec16000 	C:\Windows\system32\USER32.dll
0x00007fff705c0000 - 0x00007fff70746000 	C:\Windows\system32\GDI32.dll
0x00007fff60d00000 - 0x00007fff60f74000 	C:\Windows\WinSxS\amd64_microsoft.windows.common-controls_6595b64144ccf1df_6.0.10586.589_none_a2ddb3caa539acce\COMCTL32.dll
0x00007fff70b80000 - 0x00007fff70dfd000 	C:\Windows\system32\combase.dll
0x00007fff6d4b0000 - 0x00007fff6d51a000 	C:\Windows\system32\bcryptPrimitives.dll
0x00007fff6eca0000 - 0x00007fff6ecdb000 	C:\Windows\system32\IMM32.DLL
0x00000000744a0000 - 0x0000000074572000 	C:\Program Files\Java\jdk1.8.0_92\jre\bin\msvcr100.dll
0x0000000073c00000 - 0x0000000074496000 	C:\Program Files\Java\jdk1.8.0_92\jre\bin\server\jvm.dll
0x00007fff6ea30000 - 0x00007fff6ea38000 	C:\Windows\system32\PSAPI.DLL
0x00007fff56c00000 - 0x00007fff56c09000 	C:\Windows\SYSTEM32\WSOCK32.dll
0x00007fff6b110000 - 0x00007fff6b133000 	C:\Windows\SYSTEM32\WINMM.dll
0x00007fff6ece0000 - 0x00007fff6ed4b000 	C:\Windows\system32\WS2_32.dll
0x00007fff61050000 - 0x00007fff6105a000 	C:\Windows\SYSTEM32\VERSION.dll
0x00007fff6b0a0000 - 0x00007fff6b0cc000 	C:\Windows\SYSTEM32\WINMMBASE.dll
0x00007fff6d520000 - 0x00007fff6d563000 	C:\Windows\system32\cfgmgr32.dll
0x0000000075000000 - 0x000000007500f000 	C:\Program Files\Java\jdk1.8.0_92\jre\bin\verify.dll
0x0000000074fd0000 - 0x0000000074ff9000 	C:\Program Files\Java\jdk1.8.0_92\jre\bin\java.dll
0x0000000073be0000 - 0x0000000073bf6000 	C:\Program Files\Java\jdk1.8.0_92\jre\bin\zip.dll
0x00007fff6f000000 - 0x00007fff7055c000 	C:\Windows\system32\SHELL32.dll
0x00007fff6da70000 - 0x00007fff6e0b5000 	C:\Windows\system32\windows.storage.dll
0x00007fff6e200000 - 0x00007fff6e252000 	C:\Windows\system32\shlwapi.dll
0x00007fff6d490000 - 0x00007fff6d49f000 	C:\Windows\system32\kernel.appcore.dll
0x00007fff6d7e0000 - 0x00007fff6d895000 	C:\Windows\system32\shcore.dll
0x00007fff6d440000 - 0x00007fff6d48b000 	C:\Windows\system32\powrprof.dll
0x00007fff6d420000 - 0x00007fff6d434000 	C:\Windows\system32\profapi.dll

VM Arguments:
jvm_args: -Djava.awt.headless=true -Xmx1024M -Dfile.encoding=windows-1252 -Duser.country=US -Duser.language=en -Duser.variant 
java_command: com.android.dx.command.Main --dex --force-jumbo --num-threads=4 --multi-dex --output F:\.All Projects\EWL\EWLMerge\app\build\intermediates\transforms\dex\debug\folders\1000\10\instant-run-bootstrap_dfe474e07880978e29ece02a1a7677e434a8a81e F:\.All Projects\EWL\EWLMerge\app\build\intermediates\incremental-classes\debug\instant-run-bootstrap.jar
java_class_path (initial): C:\Users\Tarana\AppData\Local\Android\sdk\build-tools\24.0.1\lib\dx.jar
Launcher Type: SUN_STANDARD

Environment Variables:
PATH=C:\ProgramData\Oracle\Java\javapath;C:\Program Files (x86)\Intel\iCLS Client\;C:\Program Files\Intel\iCLS Client\;C:\Windows\system32;C:\Windows;C:\Windows\System32\Wbem;C:\Windows\System32\WindowsPowerShell\v1.0\;C:\Program Files (x86)\Intel\Intel(R) Management Engine Components\DAL;C:\Program Files\Intel\Intel(R) Management Engine Components\DAL;C:\Program Files (x86)\Intel\Intel(R) Management Engine Components\IPT;C:\Program Files\Intel\Intel(R) Management Engine Components\IPT;C:\Program Files (x86)\Skype\Phone\
USERNAME=Tarana
OS=Windows_NT
PROCESSOR_IDENTIFIER=Intel64 Family 6 Model 60 Stepping 3, GenuineIntel



---------------  S Y S T E M  ---------------

OS: Windows 10.0 , 64 bit Build 10586 (10.0.10586.589)

CPU:total 4 (4 cores per cpu, 1 threads per core) family 6 model 60 stepping 3, cmov, cx8, fxsr, mmx, sse, sse2, sse3, ssse3, sse4.1, sse4.2, popcnt, avx, avx2, aes, clmul, erms, lzcnt, tsc, tscinvbit, bmi1, bmi2

Memory: 4k page, physical 8262160k(951980k free), swap 21445516k(2896k free)

vm_info: Java HotSpot(TM) 64-Bit Server VM (25.92-b14) for windows-amd64 JRE (1.8.0_92-b14), built on Mar 31 2016 21:03:04 by "java_re" with MS VC++ 10.0 (VS2010)

time: Sat Sep 24 15:52:45 2016
elapsed time: 0 seconds (0d 0h 0m 0s)

